{"/Users/jessebrink/springboard/unit35/express-biztime/app.js": {"path":"/Users/jessebrink/springboard/unit35/express-biztime/app.js","statementMap":{"0":{"start":{"line":4,"column":16},"end":{"line":4,"column":34}},"1":{"start":{"line":6,"column":12},"end":{"line":6,"column":21}},"2":{"start":{"line":7,"column":21},"end":{"line":7,"column":46}},"3":{"start":{"line":8,"column":18},"end":{"line":8,"column":47}},"4":{"start":{"line":9,"column":17},"end":{"line":9,"column":45}},"5":{"start":{"line":11,"column":0},"end":{"line":11,"column":24}},"6":{"start":{"line":12,"column":0},"end":{"line":12,"column":33}},"7":{"start":{"line":13,"column":0},"end":{"line":13,"column":31}},"8":{"start":{"line":18,"column":0},"end":{"line":21,"column":3}},"9":{"start":{"line":19,"column":14},"end":{"line":19,"column":48}},"10":{"start":{"line":20,"column":2},"end":{"line":20,"column":19}},"11":{"start":{"line":25,"column":0},"end":{"line":32,"column":3}},"12":{"start":{"line":26,"column":2},"end":{"line":26,"column":32}},"13":{"start":{"line":28,"column":2},"end":{"line":31,"column":5}},"14":{"start":{"line":35,"column":0},"end":{"line":35,"column":21}}},"fnMap":{"0":{"name":"(anonymous_0)","decl":{"start":{"line":18,"column":8},"end":{"line":18,"column":9}},"loc":{"start":{"line":18,"column":33},"end":{"line":21,"column":1}},"line":18},"1":{"name":"(anonymous_1)","decl":{"start":{"line":25,"column":8},"end":{"line":25,"column":9}},"loc":{"start":{"line":25,"column":33},"end":{"line":32,"column":1}},"line":25}},"branchMap":{"0":{"loc":{"start":{"line":26,"column":13},"end":{"line":26,"column":30}},"type":"binary-expr","locations":[{"start":{"line":26,"column":13},"end":{"line":26,"column":23}},{"start":{"line":26,"column":27},"end":{"line":26,"column":30}}],"line":26}},"s":{"0":2,"1":2,"2":2,"3":2,"4":2,"5":2,"6":2,"7":2,"8":2,"9":1,"10":1,"11":2,"12":15,"13":15,"14":2},"f":{"0":1,"1":15},"b":{"0":[15,0]},"_coverageSchema":"1a1c01bbd47fc00a2c39e90264f33305004495a9","hash":"3005dcc2ec19b862cc01c1ebfcd0d21a5569b108"}
,"/Users/jessebrink/springboard/unit35/express-biztime/db.js": {"path":"/Users/jessebrink/springboard/unit35/express-biztime/db.js","statementMap":{"0":{"start":{"line":2,"column":19},"end":{"line":2,"column":32}},"1":{"start":{"line":3,"column":15},"end":{"line":4,"column":58}},"2":{"start":{"line":6,"column":9},"end":{"line":8,"column":2}},"3":{"start":{"line":10,"column":0},"end":{"line":10,"column":13}},"4":{"start":{"line":12,"column":0},"end":{"line":12,"column":20}}},"fnMap":{},"branchMap":{"0":{"loc":{"start":{"line":3,"column":15},"end":{"line":4,"column":58}},"type":"cond-expr","locations":[{"start":{"line":4,"column":4},"end":{"line":4,"column":32}},{"start":{"line":4,"column":35},"end":{"line":4,"column":58}}],"line":3}},"s":{"0":2,"1":2,"2":2,"3":2,"4":2},"f":{},"b":{"0":[2,0]},"_coverageSchema":"1a1c01bbd47fc00a2c39e90264f33305004495a9","hash":"827fae64e48454ce72acc303094771b831abeb0a"}
,"/Users/jessebrink/springboard/unit35/express-biztime/expressError.js": {"path":"/Users/jessebrink/springboard/unit35/express-biztime/expressError.js","statementMap":{"0":{"start":{"line":9,"column":4},"end":{"line":9,"column":12}},"1":{"start":{"line":10,"column":4},"end":{"line":10,"column":27}},"2":{"start":{"line":11,"column":4},"end":{"line":11,"column":25}},"3":{"start":{"line":12,"column":4},"end":{"line":12,"column":30}},"4":{"start":{"line":17,"column":0},"end":{"line":17,"column":30}}},"fnMap":{"0":{"name":"(anonymous_0)","decl":{"start":{"line":8,"column":2},"end":{"line":8,"column":3}},"loc":{"start":{"line":8,"column":31},"end":{"line":13,"column":3}},"line":8}},"branchMap":{},"s":{"0":15,"1":15,"2":15,"3":15,"4":2},"f":{"0":15},"b":{},"_coverageSchema":"1a1c01bbd47fc00a2c39e90264f33305004495a9","hash":"59426ea83aa25e796b625e4fd7428def848cc465"}
,"/Users/jessebrink/springboard/unit35/express-biztime/routes/companies.js": {"path":"/Users/jessebrink/springboard/unit35/express-biztime/routes/companies.js","statementMap":{"0":{"start":{"line":1,"column":16},"end":{"line":1,"column":34}},"1":{"start":{"line":2,"column":15},"end":{"line":2,"column":35}},"2":{"start":{"line":3,"column":21},"end":{"line":3,"column":47}},"3":{"start":{"line":4,"column":11},"end":{"line":4,"column":27}},"4":{"start":{"line":5,"column":16},"end":{"line":5,"column":34}},"5":{"start":{"line":8,"column":0},"end":{"line":19,"column":3}},"6":{"start":{"line":9,"column":4},"end":{"line":18,"column":5}},"7":{"start":{"line":10,"column":24},"end":{"line":13,"column":9}},"8":{"start":{"line":14,"column":8},"end":{"line":14,"column":88}},"9":{"start":{"line":14,"column":34},"end":{"line":14,"column":88}},"10":{"start":{"line":15,"column":8},"end":{"line":15,"column":37}},"11":{"start":{"line":17,"column":8},"end":{"line":17,"column":25}},"12":{"start":{"line":22,"column":0},"end":{"line":42,"column":3}},"13":{"start":{"line":23,"column":4},"end":{"line":41,"column":5}},"14":{"start":{"line":24,"column":21},"end":{"line":24,"column":36}},"15":{"start":{"line":25,"column":31},"end":{"line":29,"column":9}},"16":{"start":{"line":30,"column":32},"end":{"line":34,"column":9}},"17":{"start":{"line":35,"column":8},"end":{"line":35,"column":82}},"18":{"start":{"line":35,"column":41},"end":{"line":35,"column":82}},"19":{"start":{"line":36,"column":22},"end":{"line":36,"column":44}},"20":{"start":{"line":37,"column":8},"end":{"line":37,"column":48}},"21":{"start":{"line":38,"column":8},"end":{"line":38,"column":33}},"22":{"start":{"line":40,"column":8},"end":{"line":40,"column":25}},"23":{"start":{"line":45,"column":0},"end":{"line":63,"column":3}},"24":{"start":{"line":46,"column":4},"end":{"line":62,"column":5}},"25":{"start":{"line":47,"column":44},"end":{"line":47,"column":52}},"26":{"start":{"line":48,"column":8},"end":{"line":48,"column":107}},"27":{"start":{"line":48,"column":44},"end":{"line":48,"column":107}},"28":{"start":{"line":49,"column":30},"end":{"line":49,"column":48}},"29":{"start":{"line":50,"column":24},"end":{"line":56,"column":9}},"30":{"start":{"line":57,"column":8},"end":{"line":59,"column":11}},"31":{"start":{"line":61,"column":8},"end":{"line":61,"column":25}},"32":{"start":{"line":67,"column":0},"end":{"line":86,"column":3}},"33":{"start":{"line":68,"column":4},"end":{"line":85,"column":5}},"34":{"start":{"line":69,"column":44},"end":{"line":69,"column":52}},"35":{"start":{"line":70,"column":8},"end":{"line":70,"column":92}},"36":{"start":{"line":70,"column":44},"end":{"line":70,"column":92}},"37":{"start":{"line":71,"column":24},"end":{"line":78,"column":9}},"38":{"start":{"line":79,"column":8},"end":{"line":79,"column":80}},"39":{"start":{"line":79,"column":34},"end":{"line":79,"column":80}},"40":{"start":{"line":80,"column":8},"end":{"line":82,"column":7}},"41":{"start":{"line":84,"column":8},"end":{"line":84,"column":25}},"42":{"start":{"line":90,"column":0},"end":{"line":105,"column":3}},"43":{"start":{"line":91,"column":4},"end":{"line":104,"column":5}},"44":{"start":{"line":92,"column":21},"end":{"line":92,"column":36}},"45":{"start":{"line":93,"column":24},"end":{"line":97,"column":9}},"46":{"start":{"line":98,"column":8},"end":{"line":98,"column":84}},"47":{"start":{"line":98,"column":34},"end":{"line":98,"column":84}},"48":{"start":{"line":99,"column":8},"end":{"line":101,"column":11}},"49":{"start":{"line":103,"column":8},"end":{"line":103,"column":25}},"50":{"start":{"line":107,"column":0},"end":{"line":107,"column":24}}},"fnMap":{"0":{"name":"(anonymous_0)","decl":{"start":{"line":8,"column":16},"end":{"line":8,"column":17}},"loc":{"start":{"line":8,"column":41},"end":{"line":19,"column":1}},"line":8},"1":{"name":"(anonymous_1)","decl":{"start":{"line":22,"column":21},"end":{"line":22,"column":22}},"loc":{"start":{"line":22,"column":46},"end":{"line":42,"column":1}},"line":22},"2":{"name":"(anonymous_2)","decl":{"start":{"line":45,"column":17},"end":{"line":45,"column":18}},"loc":{"start":{"line":45,"column":42},"end":{"line":63,"column":1}},"line":45},"3":{"name":"(anonymous_3)","decl":{"start":{"line":67,"column":21},"end":{"line":67,"column":22}},"loc":{"start":{"line":67,"column":46},"end":{"line":86,"column":1}},"line":67},"4":{"name":"(anonymous_4)","decl":{"start":{"line":90,"column":24},"end":{"line":90,"column":25}},"loc":{"start":{"line":90,"column":49},"end":{"line":105,"column":1}},"line":90}},"branchMap":{"0":{"loc":{"start":{"line":14,"column":8},"end":{"line":14,"column":88}},"type":"if","locations":[{"start":{"line":14,"column":8},"end":{"line":14,"column":88}},{"start":{"line":14,"column":8},"end":{"line":14,"column":88}}],"line":14},"1":{"loc":{"start":{"line":35,"column":8},"end":{"line":35,"column":82}},"type":"if","locations":[{"start":{"line":35,"column":8},"end":{"line":35,"column":82}},{"start":{"line":35,"column":8},"end":{"line":35,"column":82}}],"line":35},"2":{"loc":{"start":{"line":48,"column":8},"end":{"line":48,"column":107}},"type":"if","locations":[{"start":{"line":48,"column":8},"end":{"line":48,"column":107}},{"start":{"line":48,"column":8},"end":{"line":48,"column":107}}],"line":48},"3":{"loc":{"start":{"line":48,"column":12},"end":{"line":48,"column":42}},"type":"binary-expr","locations":[{"start":{"line":48,"column":12},"end":{"line":48,"column":17}},{"start":{"line":48,"column":21},"end":{"line":48,"column":26}},{"start":{"line":48,"column":30},"end":{"line":48,"column":42}}],"line":48},"4":{"loc":{"start":{"line":70,"column":8},"end":{"line":70,"column":92}},"type":"if","locations":[{"start":{"line":70,"column":8},"end":{"line":70,"column":92}},{"start":{"line":70,"column":8},"end":{"line":70,"column":92}}],"line":70},"5":{"loc":{"start":{"line":70,"column":12},"end":{"line":70,"column":42}},"type":"binary-expr","locations":[{"start":{"line":70,"column":12},"end":{"line":70,"column":17}},{"start":{"line":70,"column":21},"end":{"line":70,"column":26}},{"start":{"line":70,"column":30},"end":{"line":70,"column":42}}],"line":70},"6":{"loc":{"start":{"line":79,"column":8},"end":{"line":79,"column":80}},"type":"if","locations":[{"start":{"line":79,"column":8},"end":{"line":79,"column":80}},{"start":{"line":79,"column":8},"end":{"line":79,"column":80}}],"line":79},"7":{"loc":{"start":{"line":98,"column":8},"end":{"line":98,"column":84}},"type":"if","locations":[{"start":{"line":98,"column":8},"end":{"line":98,"column":84}},{"start":{"line":98,"column":8},"end":{"line":98,"column":84}}],"line":98}},"s":{"0":2,"1":2,"2":2,"3":2,"4":2,"5":2,"6":2,"7":2,"8":2,"9":1,"10":1,"11":1,"12":2,"13":2,"14":2,"15":2,"16":2,"17":2,"18":1,"19":1,"20":1,"21":1,"22":1,"23":2,"24":2,"25":2,"26":2,"27":1,"28":1,"29":1,"30":1,"31":1,"32":2,"33":3,"34":3,"35":3,"36":1,"37":2,"38":2,"39":1,"40":1,"41":2,"42":2,"43":3,"44":3,"45":3,"46":3,"47":1,"48":2,"49":1,"50":2},"f":{"0":2,"1":2,"2":2,"3":3,"4":3},"b":{"0":[1,1],"1":[1,1],"2":[1,1],"3":[2,2,2],"4":[1,2],"5":[3,3,3],"6":[1,1],"7":[1,2]},"_coverageSchema":"1a1c01bbd47fc00a2c39e90264f33305004495a9","hash":"e50816affd0963a5d4420980e2ad45d43c7004d7"}
,"/Users/jessebrink/springboard/unit35/express-biztime/routes/invoices.js": {"path":"/Users/jessebrink/springboard/unit35/express-biztime/routes/invoices.js","statementMap":{"0":{"start":{"line":1,"column":16},"end":{"line":1,"column":34}},"1":{"start":{"line":2,"column":15},"end":{"line":2,"column":35}},"2":{"start":{"line":3,"column":21},"end":{"line":3,"column":47}},"3":{"start":{"line":4,"column":11},"end":{"line":4,"column":27}},"4":{"start":{"line":5,"column":11},"end":{"line":5,"column":24}},"5":{"start":{"line":8,"column":0},"end":{"line":19,"column":3}},"6":{"start":{"line":9,"column":4},"end":{"line":18,"column":5}},"7":{"start":{"line":10,"column":24},"end":{"line":13,"column":9}},"8":{"start":{"line":14,"column":8},"end":{"line":14,"column":88}},"9":{"start":{"line":14,"column":34},"end":{"line":14,"column":88}},"10":{"start":{"line":15,"column":8},"end":{"line":15,"column":38}},"11":{"start":{"line":17,"column":8},"end":{"line":17,"column":25}},"12":{"start":{"line":22,"column":0},"end":{"line":36,"column":3}},"13":{"start":{"line":23,"column":4},"end":{"line":35,"column":5}},"14":{"start":{"line":24,"column":19},"end":{"line":24,"column":32}},"15":{"start":{"line":25,"column":23},"end":{"line":30,"column":9}},"16":{"start":{"line":31,"column":8},"end":{"line":31,"column":83}},"17":{"start":{"line":31,"column":33},"end":{"line":31,"column":83}},"18":{"start":{"line":32,"column":8},"end":{"line":32,"column":40}},"19":{"start":{"line":34,"column":8},"end":{"line":34,"column":25}},"20":{"start":{"line":39,"column":0},"end":{"line":62,"column":3}},"21":{"start":{"line":40,"column":4},"end":{"line":61,"column":5}},"22":{"start":{"line":41,"column":25},"end":{"line":41,"column":38}},"23":{"start":{"line":42,"column":62},"end":{"line":42,"column":70}},"24":{"start":{"line":43,"column":8},"end":{"line":45,"column":9}},"25":{"start":{"line":44,"column":12},"end":{"line":44,"column":72}},"26":{"start":{"line":46,"column":8},"end":{"line":46,"column":109}},"27":{"start":{"line":46,"column":43},"end":{"line":46,"column":109}},"28":{"start":{"line":48,"column":23},"end":{"line":55,"column":9}},"29":{"start":{"line":56,"column":8},"end":{"line":58,"column":11}},"30":{"start":{"line":60,"column":8},"end":{"line":60,"column":25}},"31":{"start":{"line":65,"column":0},"end":{"line":90,"column":3}},"32":{"start":{"line":66,"column":4},"end":{"line":89,"column":5}},"33":{"start":{"line":67,"column":62},"end":{"line":67,"column":70}},"34":{"start":{"line":68,"column":19},"end":{"line":68,"column":32}},"35":{"start":{"line":69,"column":25},"end":{"line":69,"column":38}},"36":{"start":{"line":70,"column":8},"end":{"line":72,"column":9}},"37":{"start":{"line":71,"column":12},"end":{"line":71,"column":133}},"38":{"start":{"line":73,"column":8},"end":{"line":73,"column":109}},"39":{"start":{"line":73,"column":43},"end":{"line":73,"column":109}},"40":{"start":{"line":74,"column":23},"end":{"line":84,"column":9}},"41":{"start":{"line":85,"column":8},"end":{"line":85,"column":83}},"42":{"start":{"line":85,"column":33},"end":{"line":85,"column":83}},"43":{"start":{"line":86,"column":8},"end":{"line":86,"column":40}},"44":{"start":{"line":88,"column":8},"end":{"line":88,"column":25}},"45":{"start":{"line":93,"column":0},"end":{"line":108,"column":3}},"46":{"start":{"line":94,"column":4},"end":{"line":107,"column":5}},"47":{"start":{"line":95,"column":19},"end":{"line":95,"column":32}},"48":{"start":{"line":96,"column":23},"end":{"line":100,"column":9}},"49":{"start":{"line":101,"column":8},"end":{"line":101,"column":83}},"50":{"start":{"line":101,"column":33},"end":{"line":101,"column":83}},"51":{"start":{"line":102,"column":8},"end":{"line":104,"column":11}},"52":{"start":{"line":106,"column":8},"end":{"line":106,"column":25}},"53":{"start":{"line":110,"column":0},"end":{"line":110,"column":24}}},"fnMap":{"0":{"name":"(anonymous_0)","decl":{"start":{"line":8,"column":16},"end":{"line":8,"column":17}},"loc":{"start":{"line":8,"column":41},"end":{"line":19,"column":1}},"line":8},"1":{"name":"(anonymous_1)","decl":{"start":{"line":22,"column":19},"end":{"line":22,"column":20}},"loc":{"start":{"line":22,"column":44},"end":{"line":36,"column":1}},"line":22},"2":{"name":"(anonymous_2)","decl":{"start":{"line":39,"column":17},"end":{"line":39,"column":18}},"loc":{"start":{"line":39,"column":42},"end":{"line":62,"column":1}},"line":39},"3":{"name":"(anonymous_3)","decl":{"start":{"line":65,"column":19},"end":{"line":65,"column":20}},"loc":{"start":{"line":65,"column":44},"end":{"line":90,"column":1}},"line":65},"4":{"name":"(anonymous_4)","decl":{"start":{"line":93,"column":22},"end":{"line":93,"column":23}},"loc":{"start":{"line":93,"column":47},"end":{"line":108,"column":1}},"line":93}},"branchMap":{"0":{"loc":{"start":{"line":14,"column":8},"end":{"line":14,"column":88}},"type":"if","locations":[{"start":{"line":14,"column":8},"end":{"line":14,"column":88}},{"start":{"line":14,"column":8},"end":{"line":14,"column":88}}],"line":14},"1":{"loc":{"start":{"line":31,"column":8},"end":{"line":31,"column":83}},"type":"if","locations":[{"start":{"line":31,"column":8},"end":{"line":31,"column":83}},{"start":{"line":31,"column":8},"end":{"line":31,"column":83}}],"line":31},"2":{"loc":{"start":{"line":43,"column":8},"end":{"line":45,"column":9}},"type":"if","locations":[{"start":{"line":43,"column":8},"end":{"line":45,"column":9}},{"start":{"line":43,"column":8},"end":{"line":45,"column":9}}],"line":43},"3":{"loc":{"start":{"line":43,"column":12},"end":{"line":43,"column":57}},"type":"binary-expr","locations":[{"start":{"line":43,"column":12},"end":{"line":43,"column":22}},{"start":{"line":43,"column":26},"end":{"line":43,"column":30}},{"start":{"line":43,"column":34},"end":{"line":43,"column":43}},{"start":{"line":43,"column":47},"end":{"line":43,"column":57}}],"line":43},"4":{"loc":{"start":{"line":46,"column":8},"end":{"line":46,"column":109}},"type":"if","locations":[{"start":{"line":46,"column":8},"end":{"line":46,"column":109}},{"start":{"line":46,"column":8},"end":{"line":46,"column":109}}],"line":46},"5":{"loc":{"start":{"line":70,"column":8},"end":{"line":72,"column":9}},"type":"if","locations":[{"start":{"line":70,"column":8},"end":{"line":72,"column":9}},{"start":{"line":70,"column":8},"end":{"line":72,"column":9}}],"line":70},"6":{"loc":{"start":{"line":70,"column":12},"end":{"line":70,"column":57}},"type":"binary-expr","locations":[{"start":{"line":70,"column":12},"end":{"line":70,"column":22}},{"start":{"line":70,"column":26},"end":{"line":70,"column":30}},{"start":{"line":70,"column":34},"end":{"line":70,"column":43}},{"start":{"line":70,"column":47},"end":{"line":70,"column":57}}],"line":70},"7":{"loc":{"start":{"line":73,"column":8},"end":{"line":73,"column":109}},"type":"if","locations":[{"start":{"line":73,"column":8},"end":{"line":73,"column":109}},{"start":{"line":73,"column":8},"end":{"line":73,"column":109}}],"line":73},"8":{"loc":{"start":{"line":85,"column":8},"end":{"line":85,"column":83}},"type":"if","locations":[{"start":{"line":85,"column":8},"end":{"line":85,"column":83}},{"start":{"line":85,"column":8},"end":{"line":85,"column":83}}],"line":85},"9":{"loc":{"start":{"line":101,"column":8},"end":{"line":101,"column":83}},"type":"if","locations":[{"start":{"line":101,"column":8},"end":{"line":101,"column":83}},{"start":{"line":101,"column":8},"end":{"line":101,"column":83}}],"line":101}},"s":{"0":2,"1":2,"2":2,"3":2,"4":2,"5":2,"6":2,"7":2,"8":2,"9":1,"10":1,"11":1,"12":2,"13":2,"14":2,"15":2,"16":2,"17":1,"18":1,"19":1,"20":2,"21":3,"22":3,"23":3,"24":3,"25":1,"26":2,"27":1,"28":1,"29":1,"30":2,"31":2,"32":4,"33":4,"34":4,"35":4,"36":4,"37":1,"38":3,"39":1,"40":2,"41":2,"42":1,"43":1,"44":3,"45":2,"46":2,"47":2,"48":2,"49":2,"50":1,"51":1,"52":1,"53":2},"f":{"0":2,"1":2,"2":3,"3":4,"4":2},"b":{"0":[1,1],"1":[1,1],"2":[1,2],"3":[3,3,2,2],"4":[1,1],"5":[1,3],"6":[4,4,3,3],"7":[1,2],"8":[1,1],"9":[1,1]},"_coverageSchema":"1a1c01bbd47fc00a2c39e90264f33305004495a9","hash":"322ac99478dc8179aa72dce8a2fcf1bb32304066"}
}
