TN:
SF:app.js
FN:19,(anonymous_0)
FN:26,(anonymous_1)
FNF:2
FNH:2
FNDA:1,(anonymous_0)
FNDA:15,(anonymous_1)
DA:4,2
DA:6,2
DA:7,2
DA:8,2
DA:9,2
DA:10,2
DA:12,2
DA:13,2
DA:14,2
DA:15,2
DA:19,2
DA:20,1
DA:21,1
DA:26,2
DA:27,15
DA:29,15
DA:36,2
LF:17
LH:17
BRDA:27,0,0,15
BRDA:27,0,1,0
BRF:2
BRH:1
end_of_record
TN:
SF:db.js
FNF:0
FNH:0
DA:2,2
DA:3,2
DA:6,2
DA:10,2
DA:12,2
LF:5
LH:5
BRDA:3,0,0,2
BRDA:3,0,1,0
BRF:2
BRH:1
end_of_record
TN:
SF:expressError.js
FN:8,(anonymous_0)
FNF:1
FNH:1
FNDA:15,(anonymous_0)
DA:9,15
DA:10,15
DA:11,15
DA:12,15
DA:17,2
LF:5
LH:5
BRF:0
BRH:0
end_of_record
TN:
SF:routes/companies.js
FN:8,(anonymous_0)
FN:22,(anonymous_1)
FN:44,(anonymous_2)
FN:53,(anonymous_3)
FN:75,(anonymous_4)
FN:98,(anonymous_5)
FNF:6
FNH:6
FNDA:2,(anonymous_0)
FNDA:2,(anonymous_1)
FNDA:1,(anonymous_2)
FNDA:2,(anonymous_3)
FNDA:3,(anonymous_4)
FNDA:3,(anonymous_5)
DA:1,2
DA:2,2
DA:3,2
DA:4,2
DA:5,2
DA:8,2
DA:9,2
DA:10,2
DA:14,2
DA:15,1
DA:17,1
DA:22,2
DA:23,2
DA:24,2
DA:25,2
DA:30,2
DA:35,2
DA:40,2
DA:42,1
DA:43,1
DA:44,1
DA:46,1
DA:48,1
DA:53,2
DA:54,2
DA:55,2
DA:56,2
DA:57,1
DA:58,1
DA:65,1
DA:69,1
DA:75,2
DA:76,3
DA:77,3
DA:78,3
DA:79,2
DA:87,2
DA:88,1
DA:92,2
DA:98,2
DA:99,3
DA:100,3
DA:101,3
DA:106,3
DA:107,2
DA:111,1
DA:115,2
LF:47
LH:47
BRDA:14,0,0,1
BRDA:14,0,1,1
BRDA:40,1,0,1
BRDA:40,1,1,1
BRDA:56,2,0,1
BRDA:56,2,1,1
BRDA:56,3,0,2
BRDA:56,3,1,2
BRDA:56,3,2,2
BRDA:78,4,0,1
BRDA:78,4,1,2
BRDA:78,5,0,3
BRDA:78,5,1,3
BRDA:78,5,2,3
BRDA:87,6,0,1
BRDA:87,6,1,1
BRDA:106,7,0,1
BRDA:106,7,1,2
BRF:18
BRH:18
end_of_record
TN:
SF:routes/industries.js
FN:8,(anonymous_0)
FN:16,(anonymous_1)
FN:23,(anonymous_2)
FN:41,(anonymous_3)
FNF:4
FNH:0
FNDA:0,(anonymous_0)
FNDA:0,(anonymous_1)
FNDA:0,(anonymous_2)
FNDA:0,(anonymous_3)
DA:1,2
DA:2,2
DA:3,2
DA:4,2
DA:5,2
DA:8,2
DA:9,0
DA:10,0
DA:11,0
DA:16,0
DA:18,0
DA:23,2
DA:24,0
DA:25,0
DA:26,0
DA:32,0
DA:36,0
DA:41,2
DA:42,0
DA:43,0
DA:44,0
DA:45,0
DA:52,0
DA:57,0
DA:58,0
DA:59,0
DA:66,0
DA:70,0
DA:77,2
LF:29
LH:9
BRDA:44,0,0,0
BRDA:44,0,1,0
BRDA:44,1,0,0
BRDA:44,1,1,0
BRDA:57,2,0,0
BRDA:57,2,1,0
BRF:6
BRH:0
end_of_record
TN:
SF:routes/invoices.js
FN:8,(anonymous_0)
FN:22,(anonymous_1)
FN:39,(anonymous_2)
FN:65,(anonymous_3)
FN:93,(anonymous_4)
FNF:5
FNH:5
FNDA:2,(anonymous_0)
FNDA:2,(anonymous_1)
FNDA:3,(anonymous_2)
FNDA:4,(anonymous_3)
FNDA:2,(anonymous_4)
DA:1,2
DA:2,2
DA:3,2
DA:4,2
DA:5,2
DA:8,2
DA:9,2
DA:10,2
DA:14,2
DA:15,1
DA:17,1
DA:22,2
DA:23,2
DA:24,2
DA:25,2
DA:31,2
DA:32,1
DA:34,1
DA:39,2
DA:40,3
DA:41,3
DA:42,3
DA:43,3
DA:44,1
DA:46,2
DA:48,1
DA:56,1
DA:60,2
DA:65,2
DA:66,4
DA:67,4
DA:68,4
DA:69,4
DA:70,4
DA:71,1
DA:73,3
DA:74,2
DA:85,2
DA:86,1
DA:88,3
DA:93,2
DA:94,2
DA:95,2
DA:96,2
DA:101,2
DA:102,1
DA:106,1
DA:110,2
LF:48
LH:48
BRDA:14,0,0,1
BRDA:14,0,1,1
BRDA:31,1,0,1
BRDA:31,1,1,1
BRDA:43,2,0,1
BRDA:43,2,1,2
BRDA:43,3,0,3
BRDA:43,3,1,3
BRDA:43,3,2,2
BRDA:43,3,3,2
BRDA:46,4,0,1
BRDA:46,4,1,1
BRDA:70,5,0,1
BRDA:70,5,1,3
BRDA:70,6,0,4
BRDA:70,6,1,4
BRDA:70,6,2,3
BRDA:70,6,3,3
BRDA:73,7,0,1
BRDA:73,7,1,2
BRDA:85,8,0,1
BRDA:85,8,1,1
BRDA:101,9,0,1
BRDA:101,9,1,1
BRF:24
BRH:24
end_of_record
