TN:
SF:app.js
FN:18,(anonymous_0)
FN:25,(anonymous_1)
FNF:2
FNH:2
FNDA:1,(anonymous_0)
FNDA:15,(anonymous_1)
DA:4,2
DA:6,2
DA:7,2
DA:8,2
DA:9,2
DA:11,2
DA:12,2
DA:13,2
DA:18,2
DA:19,1
DA:20,1
DA:25,2
DA:26,15
DA:28,15
DA:35,2
LF:15
LH:15
BRDA:26,0,0,15
BRDA:26,0,1,0
BRF:2
BRH:1
end_of_record
TN:
SF:db.js
FNF:0
FNH:0
DA:2,2
DA:3,2
DA:6,2
DA:10,2
DA:12,2
LF:5
LH:5
BRDA:3,0,0,2
BRDA:3,0,1,0
BRF:2
BRH:1
end_of_record
TN:
SF:expressError.js
FN:8,(anonymous_0)
FNF:1
FNH:1
FNDA:15,(anonymous_0)
DA:9,15
DA:10,15
DA:11,15
DA:12,15
DA:17,2
LF:5
LH:5
BRF:0
BRH:0
end_of_record
TN:
SF:routes/companies.js
FN:8,(anonymous_0)
FN:22,(anonymous_1)
FN:45,(anonymous_2)
FN:67,(anonymous_3)
FN:90,(anonymous_4)
FNF:5
FNH:5
FNDA:2,(anonymous_0)
FNDA:2,(anonymous_1)
FNDA:2,(anonymous_2)
FNDA:3,(anonymous_3)
FNDA:3,(anonymous_4)
DA:1,2
DA:2,2
DA:3,2
DA:4,2
DA:5,2
DA:8,2
DA:9,2
DA:10,2
DA:14,2
DA:15,1
DA:17,1
DA:22,2
DA:23,2
DA:24,2
DA:25,2
DA:30,2
DA:35,2
DA:36,1
DA:37,1
DA:38,1
DA:40,1
DA:45,2
DA:46,2
DA:47,2
DA:48,2
DA:49,1
DA:50,1
DA:57,1
DA:61,1
DA:67,2
DA:68,3
DA:69,3
DA:70,3
DA:71,2
DA:79,2
DA:80,1
DA:84,2
DA:90,2
DA:91,3
DA:92,3
DA:93,3
DA:98,3
DA:99,2
DA:103,1
DA:107,2
LF:45
LH:45
BRDA:14,0,0,1
BRDA:14,0,1,1
BRDA:35,1,0,1
BRDA:35,1,1,1
BRDA:48,2,0,1
BRDA:48,2,1,1
BRDA:48,3,0,2
BRDA:48,3,1,2
BRDA:48,3,2,2
BRDA:70,4,0,1
BRDA:70,4,1,2
BRDA:70,5,0,3
BRDA:70,5,1,3
BRDA:70,5,2,3
BRDA:79,6,0,1
BRDA:79,6,1,1
BRDA:98,7,0,1
BRDA:98,7,1,2
BRF:18
BRH:18
end_of_record
TN:
SF:routes/invoices.js
FN:8,(anonymous_0)
FN:22,(anonymous_1)
FN:39,(anonymous_2)
FN:65,(anonymous_3)
FN:93,(anonymous_4)
FNF:5
FNH:5
FNDA:2,(anonymous_0)
FNDA:2,(anonymous_1)
FNDA:3,(anonymous_2)
FNDA:4,(anonymous_3)
FNDA:2,(anonymous_4)
DA:1,2
DA:2,2
DA:3,2
DA:4,2
DA:5,2
DA:8,2
DA:9,2
DA:10,2
DA:14,2
DA:15,1
DA:17,1
DA:22,2
DA:23,2
DA:24,2
DA:25,2
DA:31,2
DA:32,1
DA:34,1
DA:39,2
DA:40,3
DA:41,3
DA:42,3
DA:43,3
DA:44,1
DA:46,2
DA:48,1
DA:56,1
DA:60,2
DA:65,2
DA:66,4
DA:67,4
DA:68,4
DA:69,4
DA:70,4
DA:71,1
DA:73,3
DA:74,2
DA:85,2
DA:86,1
DA:88,3
DA:93,2
DA:94,2
DA:95,2
DA:96,2
DA:101,2
DA:102,1
DA:106,1
DA:110,2
LF:48
LH:48
BRDA:14,0,0,1
BRDA:14,0,1,1
BRDA:31,1,0,1
BRDA:31,1,1,1
BRDA:43,2,0,1
BRDA:43,2,1,2
BRDA:43,3,0,3
BRDA:43,3,1,3
BRDA:43,3,2,2
BRDA:43,3,3,2
BRDA:46,4,0,1
BRDA:46,4,1,1
BRDA:70,5,0,1
BRDA:70,5,1,3
BRDA:70,6,0,4
BRDA:70,6,1,4
BRDA:70,6,2,3
BRDA:70,6,3,3
BRDA:73,7,0,1
BRDA:73,7,1,2
BRDA:85,8,0,1
BRDA:85,8,1,1
BRDA:101,9,0,1
BRDA:101,9,1,1
BRF:24
BRH:24
end_of_record
